Flow report for KPN_Fixed_Point
Wed May 10 15:21:13 2017
Quartus Prime Version 16.1.0 Build 196 10/24/2016 SJ Lite Edition


---------------------
; Table of Contents ;
---------------------
  1. Legal Notice
  2. Flow Summary
  3. Flow Settings
  4. Flow Non-Default Global Settings
  5. Flow Elapsed Time
  6. Flow OS Summary
  7. Flow Log
  8. Flow Messages
  9. Flow Suppressed Messages



----------------
; Legal Notice ;
----------------
Copyright (C) 2016  Intel Corporation. All rights reserved.
Your use of Intel Corporation's design tools, logic functions 
and other software and tools, and its AMPP partner logic 
functions, and any output files from any of the foregoing 
(including device programming or simulation files), and any 
associated documentation or information are expressly subject 
to the terms and conditions of the Intel Program License 
Subscription Agreement, the Intel Quartus Prime License Agreement,
the Intel MegaCore Function License Agreement, or other 
applicable license agreement, including, without limitation, 
that your use is for the sole purpose of programming logic 
devices manufactured by Intel and sold by Intel or its 
authorized distributors.  Please refer to the applicable 
agreement for further details.



+----------------------------------------------------------------------------------+
; Flow Summary                                                                     ;
+------------------------------------+---------------------------------------------+
; Flow Status                        ; Successful - Wed May 10 15:21:13 2017       ;
; Quartus Prime Version              ; 16.1.0 Build 196 10/24/2016 SJ Lite Edition ;
; Revision Name                      ; KPN_Fixed_Point                             ;
; Top-level Entity Name              ; top_module_lcd                              ;
; Family                             ; Cyclone IV GX                               ;
; Device                             ; EP4CGX150DF31C7                             ;
; Timing Models                      ; Final                                       ;
; Total logic elements               ; 1,230 / 149,760 ( < 1 % )                   ;
;     Total combinational functions  ; 1,226 / 149,760 ( < 1 % )                   ;
;     Dedicated logic registers      ; 142 / 149,760 ( < 1 % )                     ;
; Total registers                    ; 142                                         ;
; Total pins                         ; 48 / 508 ( 9 % )                            ;
; Total virtual pins                 ; 0                                           ;
; Total memory bits                  ; 1,408 / 6,635,520 ( < 1 % )                 ;
; Embedded Multiplier 9-bit elements ; 0 / 720 ( 0 % )                             ;
; Total GXB Receiver Channel PCS     ; 0 / 8 ( 0 % )                               ;
; Total GXB Receiver Channel PMA     ; 0 / 8 ( 0 % )                               ;
; Total GXB Transmitter Channel PCS  ; 0 / 8 ( 0 % )                               ;
; Total GXB Transmitter Channel PMA  ; 0 / 8 ( 0 % )                               ;
; Total PLLs                         ; 0 / 8 ( 0 % )                               ;
+------------------------------------+---------------------------------------------+


+-----------------------------------------+
; Flow Settings                           ;
+-------------------+---------------------+
; Option            ; Setting             ;
+-------------------+---------------------+
; Start date & time ; 05/10/2017 15:19:14 ;
; Main task         ; Compilation         ;
; Revision Name     ; KPN_Fixed_Point     ;
+-------------------+---------------------+


+----------------------------------------------------------------------------------------------------------------------------------+
; Flow Non-Default Global Settings                                                                                                 ;
+-------------------------------------+----------------------------------------+-----------------+----------------+----------------+
; Assignment Name                     ; Value                                  ; Default Value   ; Entity Name    ; Section Id     ;
+-------------------------------------+----------------------------------------+-----------------+----------------+----------------+
; COMPILER_SIGNATURE_ID               ; 31288978634878.149445115300740         ; --              ; --             ; --             ;
; EDA_OUTPUT_DATA_FORMAT              ; Verilog Hdl                            ; --              ; --             ; eda_simulation ;
; EDA_SIMULATION_TOOL                 ; ModelSim-Altera (Verilog)              ; <None>          ; --             ; --             ;
; EDA_TIME_SCALE                      ; 1 ps                                   ; --              ; --             ; eda_simulation ;
; MAX_CORE_JUNCTION_TEMP              ; 85                                     ; --              ; --             ; --             ;
; MIN_CORE_JUNCTION_TEMP              ; 0                                      ; --              ; --             ; --             ;
; NOMINAL_CORE_SUPPLY_VOLTAGE         ; 1.2V                                   ; --              ; --             ; --             ;
; PARTITION_COLOR                     ; -- (Not supported for targeted family) ; --              ; top_module_lcd ; Top            ;
; PARTITION_FITTER_PRESERVATION_LEVEL ; -- (Not supported for targeted family) ; --              ; top_module_lcd ; Top            ;
; PARTITION_NETLIST_TYPE              ; -- (Not supported for targeted family) ; --              ; top_module_lcd ; Top            ;
; PROJECT_OUTPUT_DIRECTORY            ; output_files                           ; --              ; --             ; --             ;
; TOP_LEVEL_ENTITY                    ; top_module_lcd                         ; KPN_Fixed_Point ; --             ; --             ;
+-------------------------------------+----------------------------------------+-----------------+----------------+----------------+


+-------------------------------------------------------------------------------------------------------------------------------+
; Flow Elapsed Time                                                                                                             ;
+---------------------------+--------------+-------------------------+---------------------+------------------------------------+
; Module Name               ; Elapsed Time ; Average Processors Used ; Peak Virtual Memory ; Total CPU Time (on all processors) ;
+---------------------------+--------------+-------------------------+---------------------+------------------------------------+
; Analysis & Synthesis      ; 00:00:32     ; 1.0                     ; 710 MB              ; 00:01:05                           ;
; Fitter                    ; 00:01:01     ; 1.0                     ; 1521 MB             ; 00:01:20                           ;
; Assembler                 ; 00:00:08     ; 1.0                     ; 647 MB              ; 00:00:07                           ;
; TimeQuest Timing Analyzer ; 00:00:08     ; 1.1                     ; 737 MB              ; 00:00:06                           ;
; EDA Netlist Writer        ; 00:00:05     ; 1.0                     ; 623 MB              ; 00:00:04                           ;
; Total                     ; 00:01:54     ; --                      ; --                  ; 00:02:42                           ;
+---------------------------+--------------+-------------------------+---------------------+------------------------------------+


+-----------------------------------------------------------------------------------------+
; Flow OS Summary                                                                         ;
+---------------------------+------------------+------------+------------+----------------+
; Module Name               ; Machine Hostname ; OS Name    ; OS Version ; Processor type ;
+---------------------------+------------------+------------+------------+----------------+
; Analysis & Synthesis      ; DESKTOP-66BC8G9  ; Windows 10 ; 10.0       ; x86_64         ;
; Fitter                    ; DESKTOP-66BC8G9  ; Windows 10 ; 10.0       ; x86_64         ;
; Assembler                 ; DESKTOP-66BC8G9  ; Windows 10 ; 10.0       ; x86_64         ;
; TimeQuest Timing Analyzer ; DESKTOP-66BC8G9  ; Windows 10 ; 10.0       ; x86_64         ;
; EDA Netlist Writer        ; DESKTOP-66BC8G9  ; Windows 10 ; 10.0       ; x86_64         ;
+---------------------------+------------------+------------+------------+----------------+


------------
; Flow Log ;
------------
quartus_map --read_settings_files=on --write_settings_files=off KPN_Fixed_Point -c KPN_Fixed_Point
quartus_fit --read_settings_files=off --write_settings_files=off KPN_Fixed_Point -c KPN_Fixed_Point
quartus_asm --read_settings_files=off --write_settings_files=off KPN_Fixed_Point -c KPN_Fixed_Point
quartus_sta KPN_Fixed_Point -c KPN_Fixed_Point
quartus_eda --read_settings_files=off --write_settings_files=off KPN_Fixed_Point -c KPN_Fixed_Point



