Analysis & Synthesis report for lcd_module
Sat Mar 04 22:43:28 2017
Quartus Prime Version 16.1.0 Build 196 10/24/2016 SJ Lite Edition


---------------------
; Table of Contents ;
---------------------
  1. Legal Notice
  2. Analysis & Synthesis Summary
  3. Analysis & Synthesis Settings
  4. Parallel Compilation
  5. Analysis & Synthesis Source Files Read
  6. Analysis & Synthesis Resource Usage Summary
  7. Analysis & Synthesis Resource Utilization by Entity
  8. Registers Removed During Synthesis
  9. General Register Statistics
 10. Multiplexer Restructuring Statistics (Restructuring Performed)
 11. Parameter Settings for User Entity Instance: clock_divider:inst2
 12. Post-Synthesis Netlist Statistics for Top Partition
 13. Elapsed Time Per Partition
 14. Analysis & Synthesis Messages



----------------
; Legal Notice ;
----------------
Copyright (C) 2016  Intel Corporation. All rights reserved.
Your use of Intel Corporation's design tools, logic functions 
and other software and tools, and its AMPP partner logic 
functions, and any output files from any of the foregoing 
(including device programming or simulation files), and any 
associated documentation or information are expressly subject 
to the terms and conditions of the Intel Program License 
Subscription Agreement, the Intel Quartus Prime License Agreement,
the Intel MegaCore Function License Agreement, or other 
applicable license agreement, including, without limitation, 
that your use is for the sole purpose of programming logic 
devices manufactured by Intel and sold by Intel or its 
authorized distributors.  Please refer to the applicable 
agreement for further details.



+----------------------------------------------------------------------------------+
; Analysis & Synthesis Summary                                                     ;
+------------------------------------+---------------------------------------------+
; Analysis & Synthesis Status        ; Successful - Sat Mar 04 22:43:28 2017       ;
; Quartus Prime Version              ; 16.1.0 Build 196 10/24/2016 SJ Lite Edition ;
; Revision Name                      ; lcd_module                                  ;
; Top-level Entity Name              ; lcd_module                                  ;
; Family                             ; Cyclone IV GX                               ;
; Total logic elements               ; 133                                         ;
;     Total combinational functions  ; 133                                         ;
;     Dedicated logic registers      ; 54                                          ;
; Total registers                    ; 54                                          ;
; Total pins                         ; 33                                          ;
; Total virtual pins                 ; 0                                           ;
; Total memory bits                  ; 0                                           ;
; Embedded Multiplier 9-bit elements ; 0                                           ;
; Total GXB Receiver Channel PCS     ; 0                                           ;
; Total GXB Receiver Channel PMA     ; 0                                           ;
; Total GXB Transmitter Channel PCS  ; 0                                           ;
; Total GXB Transmitter Channel PMA  ; 0                                           ;
; Total PLLs                         ; 0                                           ;
+------------------------------------+---------------------------------------------+


+----------------------------------------------------------------------------------------------------------------------+
; Analysis & Synthesis Settings                                                                                        ;
+----------------------------------------------------------------------------+--------------------+--------------------+
; Option                                                                     ; Setting            ; Default Value      ;
+----------------------------------------------------------------------------+--------------------+--------------------+
; Device                                                                     ; EP4CGX150DF31C7    ;                    ;
; Top-level entity name                                                      ; lcd_module         ; lcd_module         ;
; Family name                                                                ; Cyclone IV GX      ; Cyclone V          ;
; Use smart compilation                                                      ; Off                ; Off                ;
; Enable parallel Assembler and TimeQuest Timing Analyzer during compilation ; On                 ; On                 ;
; Enable compact report table                                                ; Off                ; Off                ;
; Restructure Multiplexers                                                   ; Auto               ; Auto               ;
; Create Debugging Nodes for IP Cores                                        ; Off                ; Off                ;
; Preserve fewer node names                                                  ; On                 ; On                 ;
; OpenCore Plus hardware evaluation                                          ; Enable             ; Enable             ;
; Verilog Version                                                            ; Verilog_2001       ; Verilog_2001       ;
; VHDL Version                                                               ; VHDL_1993          ; VHDL_1993          ;
; State Machine Processing                                                   ; Auto               ; Auto               ;
; Safe State Machine                                                         ; Off                ; Off                ;
; Extract Verilog State Machines                                             ; On                 ; On                 ;
; Extract VHDL State Machines                                                ; On                 ; On                 ;
; Ignore Verilog initial constructs                                          ; Off                ; Off                ;
; Iteration limit for constant Verilog loops                                 ; 5000               ; 5000               ;
; Iteration limit for non-constant Verilog loops                             ; 250                ; 250                ;
; Add Pass-Through Logic to Inferred RAMs                                    ; On                 ; On                 ;
; Infer RAMs from Raw Logic                                                  ; On                 ; On                 ;
; Parallel Synthesis                                                         ; On                 ; On                 ;
; DSP Block Balancing                                                        ; Auto               ; Auto               ;
; NOT Gate Push-Back                                                         ; On                 ; On                 ;
; Power-Up Don't Care                                                        ; On                 ; On                 ;
; Remove Redundant Logic Cells                                               ; Off                ; Off                ;
; Remove Duplicate Registers                                                 ; On                 ; On                 ;
; Ignore CARRY Buffers                                                       ; Off                ; Off                ;
; Ignore CASCADE Buffers                                                     ; Off                ; Off                ;
; Ignore GLOBAL Buffers                                                      ; Off                ; Off                ;
; Ignore ROW GLOBAL Buffers                                                  ; Off                ; Off                ;
; Ignore LCELL Buffers                                                       ; Off                ; Off                ;
; Ignore SOFT Buffers                                                        ; On                 ; On                 ;
; Limit AHDL Integers to 32 Bits                                             ; Off                ; Off                ;
; Optimization Technique                                                     ; Balanced           ; Balanced           ;
; Carry Chain Length                                                         ; 70                 ; 70                 ;
; Auto Carry Chains                                                          ; On                 ; On                 ;
; Auto Open-Drain Pins                                                       ; On                 ; On                 ;
; Perform WYSIWYG Primitive Resynthesis                                      ; Off                ; Off                ;
; Auto ROM Replacement                                                       ; On                 ; On                 ;
; Auto RAM Replacement                                                       ; On                 ; On                 ;
; Auto DSP Block Replacement                                                 ; On                 ; On                 ;
; Auto Shift Register Replacement                                            ; Auto               ; Auto               ;
; Allow Shift Register Merging across Hierarchies                            ; Auto               ; Auto               ;
; Auto Clock Enable Replacement                                              ; On                 ; On                 ;
; Strict RAM Replacement                                                     ; Off                ; Off                ;
; Allow Synchronous Control Signals                                          ; On                 ; On                 ;
; Force Use of Synchronous Clear Signals                                     ; Off                ; Off                ;
; Auto RAM Block Balancing                                                   ; On                 ; On                 ;
; Auto RAM to Logic Cell Conversion                                          ; Off                ; Off                ;
; Auto Resource Sharing                                                      ; Off                ; Off                ;
; Allow Any RAM Size For Recognition                                         ; Off                ; Off                ;
; Allow Any ROM Size For Recognition                                         ; Off                ; Off                ;
; Allow Any Shift Register Size For Recognition                              ; Off                ; Off                ;
; Use LogicLock Constraints during Resource Balancing                        ; On                 ; On                 ;
; Ignore translate_off and synthesis_off directives                          ; Off                ; Off                ;
; Timing-Driven Synthesis                                                    ; On                 ; On                 ;
; Report Parameter Settings                                                  ; On                 ; On                 ;
; Report Source Assignments                                                  ; On                 ; On                 ;
; Report Connectivity Checks                                                 ; On                 ; On                 ;
; Ignore Maximum Fan-Out Assignments                                         ; Off                ; Off                ;
; Synchronization Register Chain Length                                      ; 2                  ; 2                  ;
; PowerPlay Power Optimization During Synthesis                              ; Normal compilation ; Normal compilation ;
; HDL message level                                                          ; Level2             ; Level2             ;
; Suppress Register Optimization Related Messages                            ; Off                ; Off                ;
; Number of Removed Registers Reported in Synthesis Report                   ; 5000               ; 5000               ;
; Number of Swept Nodes Reported in Synthesis Report                         ; 5000               ; 5000               ;
; Number of Inverted Registers Reported in Synthesis Report                  ; 100                ; 100                ;
; Clock MUX Protection                                                       ; On                 ; On                 ;
; Auto Gated Clock Conversion                                                ; Off                ; Off                ;
; Block Design Naming                                                        ; Auto               ; Auto               ;
; SDC constraint protection                                                  ; Off                ; Off                ;
; Synthesis Effort                                                           ; Auto               ; Auto               ;
; Shift Register Replacement - Allow Asynchronous Clear Signal               ; On                 ; On                 ;
; Pre-Mapping Resynthesis Optimization                                       ; Off                ; Off                ;
; Analysis & Synthesis Message Level                                         ; Medium             ; Medium             ;
; Disable Register Merging Across Hierarchies                                ; Auto               ; Auto               ;
; Resource Aware Inference For Block RAM                                     ; On                 ; On                 ;
+----------------------------------------------------------------------------+--------------------+--------------------+


+------------------------------------------+
; Parallel Compilation                     ;
+----------------------------+-------------+
; Processors                 ; Number      ;
+----------------------------+-------------+
; Number detected on machine ; 4           ;
; Maximum allowed            ; 2           ;
;                            ;             ;
; Average used               ; 1.00        ;
; Maximum used               ; 2           ;
;                            ;             ;
; Usage by Processor         ; % Time Used ;
;     Processor 1            ; 100.0%      ;
;     Processor 2            ;   0.0%      ;
+----------------------------+-------------+


+---------------------------------------------------------------------------------------------------------------------------------------------------------------------------------------------------------+
; Analysis & Synthesis Source Files Read                                                                                                                                                                  ;
+----------------------------------+-----------------+------------------------------------+-----------------------------------------------------------------------------------------------------+---------+
; File Name with User-Entered Path ; Used in Netlist ; File Type                          ; File Name with Absolute Path                                                                        ; Library ;
+----------------------------------+-----------------+------------------------------------+-----------------------------------------------------------------------------------------------------+---------+
; lcd_module.bdf                   ; yes             ; User Block Diagram/Schematic File  ; C:/Users/Felipe/Desktop/Tec/ProyectoDiseño/Libros/TutorialesTerasic/LCD_Module/lcd_module.bdf       ;         ;
; write_entry_to_lcd.v             ; yes             ; User Verilog HDL File              ; C:/Users/Felipe/Desktop/Tec/ProyectoDiseño/Libros/TutorialesTerasic/LCD_Module/write_entry_to_lcd.v ;         ;
; clock_divider.v                  ; yes             ; User Verilog HDL File              ; C:/Users/Felipe/Desktop/Tec/ProyectoDiseño/Libros/TutorialesTerasic/LCD_Module/clock_divider.v      ;         ;
+----------------------------------+-----------------+------------------------------------+-----------------------------------------------------------------------------------------------------+---------+


+---------------------------------------------------------------+
; Analysis & Synthesis Resource Usage Summary                   ;
+--------------------------+------------------------------------+
; Resource                 ; Usage                              ;
+--------------------------+------------------------------------+
; I/O pins                 ; 33                                 ;
;                          ;                                    ;
; DSP block 9-bit elements ; 0                                  ;
;                          ;                                    ;
; Maximum fan-out node     ; clock_divider:inst2|divcounter[22] ;
; Maximum fan-out          ; 33                                 ;
; Total fan-out            ; 635                                ;
; Average fan-out          ; 2.51                               ;
+--------------------------+------------------------------------+


+-----------------------------------------------------------------------------------------------------------------------------------------------------------------------------------------------------------------------------------------------+
; Analysis & Synthesis Resource Utilization by Entity                                                                                                                                                                                           ;
+------------------------------+---------------------+---------------------------+-------------+--------------+---------+-----------+-----------+------+--------------+-------------------------------------+--------------------+--------------+
; Compilation Hierarchy Node   ; Combinational ALUTs ; Dedicated Logic Registers ; Memory Bits ; DSP Elements ; DSP 9x9 ; DSP 18x18 ; DSP 36x36 ; Pins ; Virtual Pins ; Full Hierarchy Name                 ; Entity Name        ; Library Name ;
+------------------------------+---------------------+---------------------------+-------------+--------------+---------+-----------+-----------+------+--------------+-------------------------------------+--------------------+--------------+
; |lcd_module                  ; 133 (1)             ; 54 (0)                    ; 0           ; 0            ; 0       ; 0         ; 0         ; 33   ; 0            ; |lcd_module                         ; lcd_module         ; work         ;
;    |clock_divider:inst2|     ; 38 (38)             ; 23 (23)                   ; 0           ; 0            ; 0       ; 0         ; 0         ; 0    ; 0            ; |lcd_module|clock_divider:inst2     ; clock_divider      ; work         ;
;    |write_entry_to_lcd:inst| ; 94 (94)             ; 31 (31)                   ; 0           ; 0            ; 0       ; 0         ; 0         ; 0    ; 0            ; |lcd_module|write_entry_to_lcd:inst ; write_entry_to_lcd ; work         ;
+------------------------------+---------------------+---------------------------+-------------+--------------+---------+-----------+-----------+------+--------------+-------------------------------------+--------------------+--------------+
Note: For table entries with two numbers listed, the numbers in parentheses indicate the number of resources of the given type used by the specific entity alone. The numbers listed outside of parentheses indicate the total resources of the given type used by the specific entity and all of its sub-entities in the hierarchy.


+---------------------------------------------------------------------------------+
; Registers Removed During Synthesis                                              ;
+----------------------------------------+----------------------------------------+
; Register name                          ; Reason for Removal                     ;
+----------------------------------------+----------------------------------------+
; write_entry_to_lcd:inst|result[4]      ; Stuck at GND due to stuck port data_in ;
; write_entry_to_lcd:inst|result[0..3]   ; Stuck at VCC due to stuck port data_in ;
; write_entry_to_lcd:inst|result[5..7]   ; Stuck at GND due to stuck port data_in ;
; write_entry_to_lcd:inst|result[8]      ; Stuck at VCC due to stuck port data_in ;
; write_entry_to_lcd:inst|result[9..11]  ; Stuck at GND due to stuck port data_in ;
; write_entry_to_lcd:inst|result[12]     ; Stuck at VCC due to stuck port data_in ;
; write_entry_to_lcd:inst|result[13..15] ; Stuck at GND due to stuck port data_in ;
; write_entry_to_lcd:inst|on             ; Stuck at VCC due to stuck port data_in ;
; write_entry_to_lcd:inst|rw             ; Stuck at GND due to stuck port data_in ;
; Total Number of Removed Registers = 18 ;                                        ;
+----------------------------------------+----------------------------------------+


+------------------------------------------------------+
; General Register Statistics                          ;
+----------------------------------------------+-------+
; Statistic                                    ; Value ;
+----------------------------------------------+-------+
; Total registers                              ; 54    ;
; Number of registers using Synchronous Clear  ; 16    ;
; Number of registers using Synchronous Load   ; 14    ;
; Number of registers using Asynchronous Clear ; 0     ;
; Number of registers using Asynchronous Load  ; 0     ;
; Number of registers using Clock Enable       ; 20    ;
; Number of registers using Preset             ; 0     ;
+----------------------------------------------+-------+


+---------------------------------------------------------------------------------------------------------------------------------------------------------------------------+
; Multiplexer Restructuring Statistics (Restructuring Performed)                                                                                                            ;
+--------------------+-----------+---------------+----------------------+------------------------+------------+-------------------------------------------------------------+
; Multiplexer Inputs ; Bus Width ; Baseline Area ; Area if Restructured ; Saving if Restructured ; Registered ; Example Multiplexer Output                                  ;
+--------------------+-----------+---------------+----------------------+------------------------+------------+-------------------------------------------------------------+
; 5:1                ; 5 bits    ; 15 LEs        ; 5 LEs                ; 10 LEs                 ; Yes        ; |lcd_module|write_entry_to_lcd:inst|entry_letter_counter[0] ;
; 7:1                ; 7 bits    ; 28 LEs        ; 14 LEs               ; 14 LEs                 ; Yes        ; |lcd_module|write_entry_to_lcd:inst|cursor_address[2]       ;
+--------------------+-----------+---------------+----------------------+------------------------+------------+-------------------------------------------------------------+


+------------------------------------------------------------------+
; Parameter Settings for User Entity Instance: clock_divider:inst2 ;
+----------------+---------+---------------------------------------+
; Parameter Name ; Value   ; Type                                  ;
+----------------+---------+---------------------------------------+
; M              ; 5000000 ; Signed Integer                        ;
+----------------+---------+---------------------------------------+
Note: In order to hide this table in the UI and the text report file, please set the "Show Parameter Settings in Synthesis Report" option in "Analysis and Synthesis Settings -> More Settings" to "Off".


+-----------------------------------------------------+
; Post-Synthesis Netlist Statistics for Top Partition ;
+-----------------------+-----------------------------+
; Type                  ; Count                       ;
+-----------------------+-----------------------------+
; boundary_port         ; 33                          ;
; cycloneiii_ff         ; 54                          ;
;     ENA               ; 8                           ;
;     ENA SCLR SLD      ; 7                           ;
;     ENA SLD           ; 5                           ;
;     SCLR              ; 9                           ;
;     SLD               ; 2                           ;
;     plain             ; 23                          ;
; cycloneiii_lcell_comb ; 134                         ;
;     arith             ; 32                          ;
;         2 data inputs ; 32                          ;
;     normal            ; 102                         ;
;         0 data inputs ; 2                           ;
;         1 data inputs ; 3                           ;
;         2 data inputs ; 2                           ;
;         3 data inputs ; 26                          ;
;         4 data inputs ; 69                          ;
;                       ;                             ;
; Max LUT depth         ; 6.00                        ;
; Average LUT depth     ; 3.19                        ;
+-----------------------+-----------------------------+


+-------------------------------+
; Elapsed Time Per Partition    ;
+----------------+--------------+
; Partition Name ; Elapsed Time ;
+----------------+--------------+
; Top            ; 00:00:02     ;
+----------------+--------------+


+-------------------------------+
; Analysis & Synthesis Messages ;
+-------------------------------+
Info: *******************************************************************
Info: Running Quartus Prime Analysis & Synthesis
    Info: Version 16.1.0 Build 196 10/24/2016 SJ Lite Edition
    Info: Processing started: Sat Mar 04 22:43:03 2017
Info: Command: quartus_map --read_settings_files=on --write_settings_files=off lcd_module -c lcd_module
Warning (18236): Number of processors has not been specified which may cause overloading on shared machines.  Set the global assignment NUM_PARALLEL_PROCESSORS in your QSF to an appropriate value for best performance.
Info (20030): Parallel compilation is enabled and will use 2 of the 2 processors detected
Info (12021): Found 1 design units, including 1 entities, in source file lcd_module.bdf
    Info (12023): Found entity 1: lcd_module
Info (12021): Found 1 design units, including 1 entities, in source file write_entry_to_lcd.v
    Info (12023): Found entity 1: write_entry_to_lcd File: C:/Users/Felipe/Desktop/Tec/ProyectoDiseño/Libros/TutorialesTerasic/LCD_Module/write_entry_to_lcd.v Line: 9
Info (12021): Found 1 design units, including 1 entities, in source file pll.v
    Info (12023): Found entity 1: pll File: C:/Users/Felipe/Desktop/Tec/ProyectoDiseño/Libros/TutorialesTerasic/LCD_Module/pll.v Line: 40
Info (12021): Found 1 design units, including 1 entities, in source file clock_divider.v
    Info (12023): Found entity 1: clock_divider File: C:/Users/Felipe/Desktop/Tec/ProyectoDiseño/Libros/TutorialesTerasic/LCD_Module/clock_divider.v Line: 2
Info (12127): Elaborating entity "lcd_module" for the top level hierarchy
Info (12128): Elaborating entity "write_entry_to_lcd" for hierarchy "write_entry_to_lcd:inst"
Warning (10230): Verilog HDL assignment warning at write_entry_to_lcd.v(155): truncated value with size 32 to match size of target (5) File: C:/Users/Felipe/Desktop/Tec/ProyectoDiseño/Libros/TutorialesTerasic/LCD_Module/write_entry_to_lcd.v Line: 155
Warning (10230): Verilog HDL assignment warning at write_entry_to_lcd.v(157): truncated value with size 32 to match size of target (7) File: C:/Users/Felipe/Desktop/Tec/ProyectoDiseño/Libros/TutorialesTerasic/LCD_Module/write_entry_to_lcd.v Line: 157
Warning (10230): Verilog HDL assignment warning at write_entry_to_lcd.v(195): truncated value with size 32 to match size of target (5) File: C:/Users/Felipe/Desktop/Tec/ProyectoDiseño/Libros/TutorialesTerasic/LCD_Module/write_entry_to_lcd.v Line: 195
Warning (10230): Verilog HDL assignment warning at write_entry_to_lcd.v(197): truncated value with size 32 to match size of target (7) File: C:/Users/Felipe/Desktop/Tec/ProyectoDiseño/Libros/TutorialesTerasic/LCD_Module/write_entry_to_lcd.v Line: 197
Info (12128): Elaborating entity "clock_divider" for hierarchy "clock_divider:inst2"
Warning (10230): Verilog HDL assignment warning at clock_divider.v(23): truncated value with size 32 to match size of target (23) File: C:/Users/Felipe/Desktop/Tec/ProyectoDiseño/Libros/TutorialesTerasic/LCD_Module/clock_divider.v Line: 23
Warning (13024): Output pins are stuck at VCC or GND
    Warning (13410): Pin "rw" is stuck at GND
    Warning (13410): Pin "on" is stuck at VCC
Info (286030): Timing-Driven Synthesis is running
Info (16010): Generating hard_block partition "hard_block:auto_generated_inst"
    Info (16011): Adding 0 node(s), including 0 DDIO, 0 PLL, 0 transceiver and 0 LCELL
Warning (21074): Design contains 1 input pin(s) that do not drive logic
    Warning (15610): No output dependent on input pin "show_result"
Info (21057): Implemented 166 device resources after synthesis - the final resource count might be different
    Info (21058): Implemented 20 input pins
    Info (21059): Implemented 13 output pins
    Info (21061): Implemented 133 logic cells
Info: Quartus Prime Analysis & Synthesis was successful. 0 errors, 11 warnings
    Info: Peak virtual memory: 705 megabytes
    Info: Processing ended: Sat Mar 04 22:43:28 2017
    Info: Elapsed time: 00:00:25
    Info: Total CPU time (on all processors): 00:01:00


