Flow report for KPN_Modules
Sat May 06 10:35:08 2017
Quartus Prime Version 16.1.0 Build 196 10/24/2016 SJ Lite Edition


---------------------
; Table of Contents ;
---------------------
  1. Legal Notice
  2. Flow Summary
  3. Flow Settings
  4. Flow Non-Default Global Settings
  5. Flow Elapsed Time
  6. Flow OS Summary
  7. Flow Log
  8. Flow Messages
  9. Flow Suppressed Messages



----------------
; Legal Notice ;
----------------
Copyright (C) 2016  Intel Corporation. All rights reserved.
Your use of Intel Corporation's design tools, logic functions 
and other software and tools, and its AMPP partner logic 
functions, and any output files from any of the foregoing 
(including device programming or simulation files), and any 
associated documentation or information are expressly subject 
to the terms and conditions of the Intel Program License 
Subscription Agreement, the Intel Quartus Prime License Agreement,
the Intel MegaCore Function License Agreement, or other 
applicable license agreement, including, without limitation, 
that your use is for the sole purpose of programming logic 
devices manufactured by Intel and sold by Intel or its 
authorized distributors.  Please refer to the applicable 
agreement for further details.



+----------------------------------------------------------------------------------+
; Flow Summary                                                                     ;
+------------------------------------+---------------------------------------------+
; Flow Status                        ; Successful - Sat May 06 10:35:08 2017       ;
; Quartus Prime Version              ; 16.1.0 Build 196 10/24/2016 SJ Lite Edition ;
; Revision Name                      ; KPN_Modules                                 ;
; Top-level Entity Name              ; top_module_display                          ;
; Family                             ; Cyclone IV GX                               ;
; Device                             ; EP4CGX150DF31C7                             ;
; Timing Models                      ; Final                                       ;
; Total logic elements               ; 103 / 149,760 ( < 1 % )                     ;
;     Total combinational functions  ; 99 / 149,760 ( < 1 % )                      ;
;     Dedicated logic registers      ; 41 / 149,760 ( < 1 % )                      ;
; Total registers                    ; 41                                          ;
; Total pins                         ; 36 / 508 ( 7 % )                            ;
; Total virtual pins                 ; 0                                           ;
; Total memory bits                  ; 512 / 6,635,520 ( < 1 % )                   ;
; Embedded Multiplier 9-bit elements ; 0 / 720 ( 0 % )                             ;
; Total GXB Receiver Channel PCS     ; 0 / 8 ( 0 % )                               ;
; Total GXB Receiver Channel PMA     ; 0 / 8 ( 0 % )                               ;
; Total GXB Transmitter Channel PCS  ; 0 / 8 ( 0 % )                               ;
; Total GXB Transmitter Channel PMA  ; 0 / 8 ( 0 % )                               ;
; Total PLLs                         ; 0 / 8 ( 0 % )                               ;
+------------------------------------+---------------------------------------------+


+-----------------------------------------+
; Flow Settings                           ;
+-------------------+---------------------+
; Option            ; Setting             ;
+-------------------+---------------------+
; Start date & time ; 05/06/2017 10:33:41 ;
; Main task         ; Compilation         ;
; Revision Name     ; KPN_Modules         ;
+-------------------+---------------------+


+------------------------------------------------------------------------------------------------------------------------------------+
; Flow Non-Default Global Settings                                                                                                   ;
+-------------------------------------+----------------------------------------+---------------+--------------------+----------------+
; Assignment Name                     ; Value                                  ; Default Value ; Entity Name        ; Section Id     ;
+-------------------------------------+----------------------------------------+---------------+--------------------+----------------+
; COMPILER_SIGNATURE_ID               ; 31288978634878.149408842105656         ; --            ; --                 ; --             ;
; EDA_OUTPUT_DATA_FORMAT              ; Verilog Hdl                            ; --            ; --                 ; eda_simulation ;
; EDA_SIMULATION_TOOL                 ; ModelSim-Altera (Verilog)              ; <None>        ; --                 ; --             ;
; EDA_TIME_SCALE                      ; 1 ps                                   ; --            ; --                 ; eda_simulation ;
; MAX_CORE_JUNCTION_TEMP              ; 85                                     ; --            ; --                 ; --             ;
; MIN_CORE_JUNCTION_TEMP              ; 0                                      ; --            ; --                 ; --             ;
; NOMINAL_CORE_SUPPLY_VOLTAGE         ; 1.2V                                   ; --            ; --                 ; --             ;
; PARTITION_COLOR                     ; -- (Not supported for targeted family) ; --            ; top_module_display ; Top            ;
; PARTITION_FITTER_PRESERVATION_LEVEL ; -- (Not supported for targeted family) ; --            ; top_module_display ; Top            ;
; PARTITION_NETLIST_TYPE              ; -- (Not supported for targeted family) ; --            ; top_module_display ; Top            ;
; POWER_BOARD_THERMAL_MODEL           ; None (CONSERVATIVE)                    ; --            ; --                 ; --             ;
; POWER_PRESET_COOLING_SOLUTION       ; 23 MM HEAT SINK WITH 200 LFPM AIRFLOW  ; --            ; --                 ; --             ;
; PROJECT_OUTPUT_DIRECTORY            ; output_files                           ; --            ; --                 ; --             ;
; TOP_LEVEL_ENTITY                    ; top_module_display                     ; KPN_Modules   ; --                 ; --             ;
+-------------------------------------+----------------------------------------+---------------+--------------------+----------------+


+-------------------------------------------------------------------------------------------------------------------------------+
; Flow Elapsed Time                                                                                                             ;
+---------------------------+--------------+-------------------------+---------------------+------------------------------------+
; Module Name               ; Elapsed Time ; Average Processors Used ; Peak Virtual Memory ; Total CPU Time (on all processors) ;
+---------------------------+--------------+-------------------------+---------------------+------------------------------------+
; Analysis & Synthesis      ; 00:00:25     ; 1.0                     ; 701 MB              ; 00:00:57                           ;
; Fitter                    ; 00:00:39     ; 1.0                     ; 1508 MB             ; 00:00:56                           ;
; Assembler                 ; 00:00:07     ; 1.0                     ; 644 MB              ; 00:00:07                           ;
; TimeQuest Timing Analyzer ; 00:00:05     ; 1.0                     ; 731 MB              ; 00:00:04                           ;
; EDA Netlist Writer        ; 00:00:02     ; 1.0                     ; 614 MB              ; 00:00:02                           ;
; Total                     ; 00:01:18     ; --                      ; --                  ; 00:02:06                           ;
+---------------------------+--------------+-------------------------+---------------------+------------------------------------+


+-----------------------------------------------------------------------------------------+
; Flow OS Summary                                                                         ;
+---------------------------+------------------+------------+------------+----------------+
; Module Name               ; Machine Hostname ; OS Name    ; OS Version ; Processor type ;
+---------------------------+------------------+------------+------------+----------------+
; Analysis & Synthesis      ; DESKTOP-66BC8G9  ; Windows 10 ; 10.0       ; x86_64         ;
; Fitter                    ; DESKTOP-66BC8G9  ; Windows 10 ; 10.0       ; x86_64         ;
; Assembler                 ; DESKTOP-66BC8G9  ; Windows 10 ; 10.0       ; x86_64         ;
; TimeQuest Timing Analyzer ; DESKTOP-66BC8G9  ; Windows 10 ; 10.0       ; x86_64         ;
; EDA Netlist Writer        ; DESKTOP-66BC8G9  ; Windows 10 ; 10.0       ; x86_64         ;
+---------------------------+------------------+------------+------------+----------------+


------------
; Flow Log ;
------------
quartus_map --read_settings_files=on --write_settings_files=off KPN_Modules -c KPN_Modules
quartus_fit --read_settings_files=off --write_settings_files=off KPN_Modules -c KPN_Modules
quartus_asm --read_settings_files=off --write_settings_files=off KPN_Modules -c KPN_Modules
quartus_sta KPN_Modules -c KPN_Modules
quartus_eda --read_settings_files=off --write_settings_files=off KPN_Modules -c KPN_Modules



